Connecting to database specified by database.yml
  [1m[36m (0.2ms)[0m  [1mselect sqlite_version(*)[0m
  [1m[35m (101.9ms)[0m  CREATE TABLE "schema_migrations" ("version" varchar(255) NOT NULL) 
  [1m[36m (30.7ms)[0m  [1mCREATE UNIQUE INDEX "unique_schema_migrations" ON "schema_migrations" ("version")[0m
  [1m[35m (14.0ms)[0m  SELECT "schema_migrations"."version" FROM "schema_migrations" 
Migrating to CreateMovies (20111119180638)
  [1m[36m (0.2ms)[0m  [1mbegin transaction[0m
  [1m[35m (2.1ms)[0m  CREATE TABLE "movies" ("id" INTEGER PRIMARY KEY AUTOINCREMENT NOT NULL, "title" varchar(255), "rating" varchar(255), "description" text, "release_date" datetime, "created_at" datetime NOT NULL, "updated_at" datetime NOT NULL) 
  [1m[36m (0.6ms)[0m  [1mINSERT INTO "schema_migrations" ("version") VALUES ('20111119180638')[0m
  [1m[35m (67.9ms)[0m  commit transaction
  [1m[36m (4.0ms)[0m  [1mSELECT "schema_migrations"."version" FROM "schema_migrations" [0m
Connecting to database specified by database.yml
  [1m[36m (12.5ms)[0m  [1mSELECT "schema_migrations"."version" FROM "schema_migrations" [0m
  [1m[35m (0.2ms)[0m  begin transaction
  [1m[36mSQL (18.6ms)[0m  [1mINSERT INTO "movies" ("created_at", "description", "rating", "release_date", "title", "updated_at") VALUES (?, ?, ?, ?, ?, ?)[0m  [["created_at", Thu, 09 Oct 2014 14:22:12 UTC +00:00], ["description", nil], ["rating", "G"], ["release_date", Wed, 25 Nov 1992 00:00:00 UTC +00:00], ["title", "Aladdin"], ["updated_at", Thu, 09 Oct 2014 14:22:12 UTC +00:00]]
  [1m[35m (117.7ms)[0m  commit transaction
  [1m[36m (0.4ms)[0m  [1mbegin transaction[0m
  [1m[35mSQL (3.3ms)[0m  INSERT INTO "movies" ("created_at", "description", "rating", "release_date", "title", "updated_at") VALUES (?, ?, ?, ?, ?, ?)  [["created_at", Thu, 09 Oct 2014 14:22:12 UTC +00:00], ["description", nil], ["rating", "R"], ["release_date", Fri, 26 Oct 1984 00:00:00 UTC +00:00], ["title", "The Terminator"], ["updated_at", Thu, 09 Oct 2014 14:22:12 UTC +00:00]]
  [1m[36m (40.5ms)[0m  [1mcommit transaction[0m
  [1m[35m (0.2ms)[0m  begin transaction
  [1m[36mSQL (2.3ms)[0m  [1mINSERT INTO "movies" ("created_at", "description", "rating", "release_date", "title", "updated_at") VALUES (?, ?, ?, ?, ?, ?)[0m  [["created_at", Thu, 09 Oct 2014 14:22:12 UTC +00:00], ["description", nil], ["rating", "R"], ["release_date", Fri, 21 Jul 1989 00:00:00 UTC +00:00], ["title", "When Harry Met Sally"], ["updated_at", Thu, 09 Oct 2014 14:22:12 UTC +00:00]]
  [1m[35m (64.0ms)[0m  commit transaction
  [1m[36m (0.3ms)[0m  [1mbegin transaction[0m
  [1m[35mSQL (1.8ms)[0m  INSERT INTO "movies" ("created_at", "description", "rating", "release_date", "title", "updated_at") VALUES (?, ?, ?, ?, ?, ?)  [["created_at", Thu, 09 Oct 2014 14:22:12 UTC +00:00], ["description", nil], ["rating", "PG-13"], ["release_date", Wed, 10 Aug 2011 00:00:00 UTC +00:00], ["title", "The Help"], ["updated_at", Thu, 09 Oct 2014 14:22:12 UTC +00:00]]
  [1m[36m (21.5ms)[0m  [1mcommit transaction[0m
  [1m[35m (0.4ms)[0m  begin transaction
  [1m[36mSQL (1.5ms)[0m  [1mINSERT INTO "movies" ("created_at", "description", "rating", "release_date", "title", "updated_at") VALUES (?, ?, ?, ?, ?, ?)[0m  [["created_at", Thu, 09 Oct 2014 14:22:12 UTC +00:00], ["description", nil], ["rating", "PG-13"], ["release_date", Fri, 05 Jan 2001 00:00:00 UTC +00:00], ["title", "Chocolat"], ["updated_at", Thu, 09 Oct 2014 14:22:12 UTC +00:00]]
  [1m[35m (24.2ms)[0m  commit transaction
  [1m[36m (0.1ms)[0m  [1mbegin transaction[0m
  [1m[35mSQL (6.9ms)[0m  INSERT INTO "movies" ("created_at", "description", "rating", "release_date", "title", "updated_at") VALUES (?, ?, ?, ?, ?, ?)  [["created_at", Thu, 09 Oct 2014 14:22:12 UTC +00:00], ["description", nil], ["rating", "R"], ["release_date", Wed, 25 Apr 2001 00:00:00 UTC +00:00], ["title", "Amelie"], ["updated_at", Thu, 09 Oct 2014 14:22:12 UTC +00:00]]
  [1m[36m (26.3ms)[0m  [1mcommit transaction[0m
  [1m[35m (0.1ms)[0m  begin transaction
  [1m[36mSQL (2.6ms)[0m  [1mINSERT INTO "movies" ("created_at", "description", "rating", "release_date", "title", "updated_at") VALUES (?, ?, ?, ?, ?, ?)[0m  [["created_at", Thu, 09 Oct 2014 14:22:12 UTC +00:00], ["description", nil], ["rating", "G"], ["release_date", Sat, 06 Apr 1968 00:00:00 UTC +00:00], ["title", "2001: A Space Odyssey"], ["updated_at", Thu, 09 Oct 2014 14:22:12 UTC +00:00]]
  [1m[35m (19.8ms)[0m  commit transaction
  [1m[36m (0.1ms)[0m  [1mbegin transaction[0m
  [1m[35mSQL (1.4ms)[0m  INSERT INTO "movies" ("created_at", "description", "rating", "release_date", "title", "updated_at") VALUES (?, ?, ?, ?, ?, ?)  [["created_at", Thu, 09 Oct 2014 14:22:12 UTC +00:00], ["description", nil], ["rating", "PG"], ["release_date", Fri, 05 Nov 2004 00:00:00 UTC +00:00], ["title", "The Incredibles"], ["updated_at", Thu, 09 Oct 2014 14:22:12 UTC +00:00]]
  [1m[36m (17.9ms)[0m  [1mcommit transaction[0m
  [1m[35m (0.3ms)[0m  begin transaction
  [1m[36mSQL (1.5ms)[0m  [1mINSERT INTO "movies" ("created_at", "description", "rating", "release_date", "title", "updated_at") VALUES (?, ?, ?, ?, ?, ?)[0m  [["created_at", Thu, 09 Oct 2014 14:22:12 UTC +00:00], ["description", nil], ["rating", "PG"], ["release_date", Fri, 12 Jun 1981 00:00:00 UTC +00:00], ["title", "Raiders of the Lost Ark"], ["updated_at", Thu, 09 Oct 2014 14:22:12 UTC +00:00]]
  [1m[35m (19.2ms)[0m  commit transaction
  [1m[36m (0.2ms)[0m  [1mbegin transaction[0m
  [1m[35mSQL (2.6ms)[0m  INSERT INTO "movies" ("created_at", "description", "rating", "release_date", "title", "updated_at") VALUES (?, ?, ?, ?, ?, ?)  [["created_at", Thu, 09 Oct 2014 14:22:12 UTC +00:00], ["description", nil], ["rating", "G"], ["release_date", Wed, 21 Jun 2000 00:00:00 UTC +00:00], ["title", "Chicken Run"], ["updated_at", Thu, 09 Oct 2014 14:22:12 UTC +00:00]]
  [1m[36m (30.0ms)[0m  [1mcommit transaction[0m


Started GET "/movies" for 127.0.0.1 at 2014-10-09 11:24:39 -0300
Connecting to database specified by database.yml
Processing by MoviesController#index as HTML
  [1m[36mMovie Load (1.5ms)[0m  [1mSELECT "movies".* FROM "movies" [0m
  Rendered movies/index.html.haml within layouts/application (59.5ms)
Compiled application.css  (3ms)  (pid 8978)
Compiled jquery.js  (27ms)  (pid 8978)
Compiled jquery_ujs.js  (2ms)  (pid 8978)
Compiled application.js  (293ms)  (pid 8978)
Completed 200 OK in 1217.9ms (Views: 798.2ms | ActiveRecord: 48.4ms)


Started GET "/assets/application.css?body=1" for 127.0.0.1 at 2014-10-09 11:24:44 -0300
Served asset /application.css - 200 OK (247ms)


Started GET "/assets/jquery_ujs.js?body=1" for 127.0.0.1 at 2014-10-09 11:24:45 -0300
Served asset /jquery_ujs.js - 200 OK (66ms)


Started GET "/assets/jquery.js?body=1" for 127.0.0.1 at 2014-10-09 11:24:45 -0300
Served asset /jquery.js - 200 OK (52ms)


Started GET "/assets/application.js?body=1" for 127.0.0.1 at 2014-10-09 11:24:45 -0300
Served asset /application.js - 200 OK (78ms)


Started GET "/movies" for 127.0.0.1 at 2014-10-14 11:15:30 -0300
Connecting to database specified by database.yml
Processing by MoviesController#index as HTML
  [1m[36mMovie Load (1.2ms)[0m  [1mSELECT "movies".* FROM "movies" [0m
  Rendered movies/index.html.haml within layouts/application (106.8ms)
Completed 200 OK in 1243.3ms (Views: 768.0ms | ActiveRecord: 44.6ms)


Started GET "/assets/application.css?body=1" for 127.0.0.1 at 2014-10-14 11:15:36 -0300
Served asset /application.css - 304 Not Modified (23ms)


Started GET "/assets/jquery_ujs.js?body=1" for 127.0.0.1 at 2014-10-14 11:15:36 -0300
Served asset /jquery_ujs.js - 304 Not Modified (52ms)


Started GET "/assets/jquery.js?body=1" for 127.0.0.1 at 2014-10-14 11:15:36 -0300
Served asset /jquery.js - 304 Not Modified (55ms)


Started GET "/assets/application.js?body=1" for 127.0.0.1 at 2014-10-14 11:15:36 -0300
Served asset /application.js - 304 Not Modified (277ms)


Started GET "/movies" for 127.0.0.1 at 2014-10-21 11:18:12 -0300
Processing by MoviesController#index as HTML
  [1m[35mMovie Load (6.3ms)[0m  SELECT "movies".* FROM "movies" WHERE "movies"."rating" IN ('G', 'PG', 'PG-13', 'NC-17', 'R')
  Rendered movies/index.html.haml within layouts/application (29.7ms)
Compiled application.css  (1ms)  (pid 9289)
Completed 200 OK in 258.6ms (Views: 154.5ms | ActiveRecord: 13.0ms)


Started GET "/assets/application.css?body=1" for 127.0.0.1 at 2014-10-21 11:18:12 -0300
Served asset /application.css - 200 OK (7ms)


Started GET "/assets/jquery.js?body=1" for 127.0.0.1 at 2014-10-21 11:18:12 -0300
Served asset /jquery.js - 304 Not Modified (23ms)


Started GET "/assets/jquery_ujs.js?body=1" for 127.0.0.1 at 2014-10-21 11:18:13 -0300
Served asset /jquery_ujs.js - 304 Not Modified (0ms)


Started GET "/assets/application.js?body=1" for 127.0.0.1 at 2014-10-21 11:18:13 -0300
Served asset /application.js - 304 Not Modified (33ms)


Started GET "/movies?ratings%5BG%5D=G&ratings%5BNC-17%5D=NC-17&ratings%5BPG%5D=PG&ratings%5BPG-13%5D=PG-13&ratings%5BR%5D=R&sort=title" for 127.0.0.1 at 2014-10-21 11:18:18 -0300
Processing by MoviesController#index as HTML
  Parameters: {"ratings"=>{"G"=>"G", "NC-17"=>"NC-17", "PG"=>"PG", "PG-13"=>"PG-13", "R"=>"R"}, "sort"=>"title"}
Redirected to http://localhost:3000/movies?ratings%5BG%5D=G&ratings%5BNC-17%5D=NC-17&ratings%5BPG%5D=PG&ratings%5BPG-13%5D=PG-13&ratings%5BR%5D=R&sort=title
Completed 302 Found in 8.7ms (ActiveRecord: 0.0ms)


Started GET "/movies?ratings%5BG%5D=G&ratings%5BNC-17%5D=NC-17&ratings%5BPG%5D=PG&ratings%5BPG-13%5D=PG-13&ratings%5BR%5D=R&sort=title" for 127.0.0.1 at 2014-10-21 11:18:19 -0300
Processing by MoviesController#index as HTML
  Parameters: {"ratings"=>{"G"=>"G", "NC-17"=>"NC-17", "PG"=>"PG", "PG-13"=>"PG-13", "R"=>"R"}, "sort"=>"title"}
  [1m[36mMovie Load (1.4ms)[0m  [1mSELECT "movies".* FROM "movies" WHERE "movies"."rating" IN ('G', 'NC-17', 'PG', 'PG-13', 'R') ORDER BY title[0m
  Rendered movies/index.html.haml within layouts/application (71.9ms)
Completed 200 OK in 176.9ms (Views: 160.6ms | ActiveRecord: 1.4ms)


Started GET "/assets/application.css?body=1" for 127.0.0.1 at 2014-10-21 11:18:19 -0300
Served asset /application.css - 304 Not Modified (43ms)


Started GET "/assets/jquery.js?body=1" for 127.0.0.1 at 2014-10-21 11:18:19 -0300
Served asset /jquery.js - 304 Not Modified (7ms)


Started GET "/assets/application.js?body=1" for 127.0.0.1 at 2014-10-21 11:18:19 -0300
Served asset /application.js - 304 Not Modified (16ms)


Started GET "/assets/jquery_ujs.js?body=1" for 127.0.0.1 at 2014-10-21 11:18:19 -0300
Served asset /jquery_ujs.js - 304 Not Modified (21ms)


Started GET "/movies?utf8=%E2%9C%93&title_sort=true&ratings%5BG%5D=1&ratings%5BPG-13%5D=1&ratings%5BR%5D=1&commit=Refresh" for 127.0.0.1 at 2014-10-21 11:18:30 -0300
Processing by MoviesController#index as HTML
  Parameters: {"utf8"=>"✓", "title_sort"=>"true", "ratings"=>{"G"=>"1", "PG-13"=>"1", "R"=>"1"}, "commit"=>"Refresh"}
Redirected to http://localhost:3000/movies?ratings%5BG%5D=1&ratings%5BPG-13%5D=1&ratings%5BR%5D=1&sort=title
Completed 302 Found in 9.1ms (ActiveRecord: 0.0ms)


Started GET "/movies?ratings%5BG%5D=1&ratings%5BPG-13%5D=1&ratings%5BR%5D=1&sort=title" for 127.0.0.1 at 2014-10-21 11:18:30 -0300
Processing by MoviesController#index as HTML
  Parameters: {"ratings"=>{"G"=>"1", "PG-13"=>"1", "R"=>"1"}, "sort"=>"title"}
  [1m[35mMovie Load (1.0ms)[0m  SELECT "movies".* FROM "movies" WHERE "movies"."rating" IN ('G', 'PG-13', 'R') ORDER BY title
  Rendered movies/index.html.haml within layouts/application (33.2ms)
Completed 200 OK in 98.7ms (Views: 92.6ms | ActiveRecord: 1.0ms)


Started GET "/assets/application.css?body=1" for 127.0.0.1 at 2014-10-21 11:18:30 -0300
Served asset /application.css - 304 Not Modified (41ms)


Started GET "/assets/jquery.js?body=1" for 127.0.0.1 at 2014-10-21 11:18:31 -0300
Served asset /jquery.js - 304 Not Modified (36ms)


Started GET "/assets/jquery_ujs.js?body=1" for 127.0.0.1 at 2014-10-21 11:18:31 -0300
Served asset /jquery_ujs.js - 304 Not Modified (10ms)


Started GET "/assets/application.js?body=1" for 127.0.0.1 at 2014-10-21 11:18:31 -0300
Served asset /application.js - 304 Not Modified (34ms)
